# JRE version: OpenJDK Runtime Environment (8.0_382-b05) (build 1.8.0_382-382-b05)
# Java VM: OpenJDK Server VM (25.382-b05 mixed mode windows-x86 )
Heap:
 PSYoungGen      total 206848K, used 32623K [0x51600000, 0x5f300000, 0x71600000)
  eden space 195072K, 10% used [0x51600000,0x52a5d4c8,0x5d480000)
  from space 11776K, 99% used [0x5e780000,0x5f2fe948,0x5f300000)
  to   space 13568K, 0% used [0x5d880000,0x5d880000,0x5e5c0000)
 ParOldGen       total 32000K, used 10623K [0x11600000, 0x13540000, 0x51600000)
  object space 32000K, 33% used [0x11600000,0x1205ff58,0x13540000)
 Metaspace       used 24404K, capacity 25461K, committed 25472K, reserved 25984K
GC Heap History (10 events):
Event: 1.933 GC heap before
{Heap before GC invocations=7 (full 0):
 PSYoungGen      total 69888K, used 69875K [0x51600000, 0x56480000, 0x71600000)
  eden space 64768K, 100% used [0x51600000,0x55540000,0x55540000)
  from space 5120K, 99% used [0x55c00000,0x560fcfb8,0x56100000)
  to   space 6912K, 0% used [0x55540000,0x55540000,0x55c00000)
 ParOldGen       total 43776K, used 5941K [0x11600000, 0x140c0000, 0x51600000)
  object space 43776K, 13% used [0x11600000,0x11bcd600,0x140c0000)
 Metaspace       used 12771K, capacity 13318K, committed 13440K, reserved 13696K
Event: 1.942 GC heap after
Heap after GC invocations=7 (full 0):
 PSYoungGen      total 71680K, used 6901K [0x51600000, 0x5a680000, 0x71600000)
  eden space 64768K, 0% used [0x51600000,0x51600000,0x55540000)
  from space 6912K, 99% used [0x55540000,0x55bfd760,0x55c00000)
  to   space 9216K, 0% used [0x59d80000,0x59d80000,0x5a680000)
 ParOldGen       total 43776K, used 7982K [0x11600000, 0x140c0000, 0x51600000)
  object space 43776K, 18% used [0x11600000,0x11dcb878,0x140c0000)
 Metaspace       used 12771K, capacity 13318K, committed 13440K, reserved 13696K
}
Event: 2.549 GC heap before
{Heap before GC invocations=8 (full 0):
 PSYoungGen      total 71680K, used 71669K [0x51600000, 0x5a680000, 0x71600000)
  eden space 64768K, 100% used [0x51600000,0x55540000,0x55540000)
  from space 6912K, 99% used [0x55540000,0x55bfd760,0x55c00000)
  to   space 9216K, 0% used [0x59d80000,0x59d80000,0x5a680000)
 ParOldGen       total 43776K, used 7982K [0x11600000, 0x140c0000, 0x51600000)
  object space 43776K, 18% used [0x11600000,0x11dcb878,0x140c0000)
 Metaspace       used 15576K, capacity 16332K, committed 16384K, reserved 16768K
Event: 2.556 GC heap after
Heap after GC invocations=8 (full 0):
 PSYoungGen      total 135936K, used 9205K [0x51600000, 0x5ac00000, 0x71600000)
  eden space 126720K, 0% used [0x51600000,0x51600000,0x591c0000)
  from space 9216K, 99% used [0x59d80000,0x5a67d490,0x5a680000)
  to   space 12032K, 0% used [0x591c0000,0x591c0000,0x59d80000)
 ParOldGen       total 43776K, used 11225K [0x11600000, 0x140c0000, 0x51600000)
  object space 43776K, 25% used [0x11600000,0x120f6608,0x140c0000)
 Metaspace       used 15576K, capacity 16332K, committed 16384K, reserved 16768K
}
Event: 2.561 GC heap before
{Heap before GC invocations=9 (full 0):
 PSYoungGen      total 135936K, used 11159K [0x51600000, 0x5ac00000, 0x71600000)
  eden space 126720K, 1% used [0x51600000,0x517e88e8,0x591c0000)
  from space 9216K, 99% used [0x59d80000,0x5a67d490,0x5a680000)
  to   space 12032K, 0% used [0x591c0000,0x591c0000,0x59d80000)
 ParOldGen       total 43776K, used 11225K [0x11600000, 0x140c0000, 0x51600000)
  object space 43776K, 25% used [0x11600000,0x120f6608,0x140c0000)
 Metaspace       used 15625K, capacity 16364K, committed 16384K, reserved 16768K
Event: 2.565 GC heap after
Heap after GC invocations=9 (full 0):
 PSYoungGen      total 138752K, used 6537K [0x51600000, 0x5f300000, 0x71600000)
  eden space 126720K, 0% used [0x51600000,0x51600000,0x591c0000)
  from space 12032K, 54% used [0x591c0000,0x598226e8,0x59d80000)
  to   space 11776K, 0% used [0x5e780000,0x5e780000,0x5f300000)
 ParOldGen       total 43776K, used 13187K [0x11600000, 0x140c0000, 0x51600000)
  object space 43776K, 30% used [0x11600000,0x122e0e00,0x140c0000)
 Metaspace       used 15625K, capacity 16364K, committed 16384K, reserved 16768K
}
Event: 2.565 GC heap before
{Heap before GC invocations=10 (full 1):
 PSYoungGen      total 138752K, used 6537K [0x51600000, 0x5f300000, 0x71600000)
  eden space 126720K, 0% used [0x51600000,0x51600000,0x591c0000)
  from space 12032K, 54% used [0x591c0000,0x598226e8,0x59d80000)
  to   space 11776K, 0% used [0x5e780000,0x5e780000,0x5f300000)
 ParOldGen       total 43776K, used 13187K [0x11600000, 0x140c0000, 0x51600000)
  object space 43776K, 30% used [0x11600000,0x122e0e00,0x140c0000)
 Metaspace       used 15625K, capacity 16364K, committed 16384K, reserved 16768K
Event: 2.591 GC heap after
Heap after GC invocations=10 (full 1):
 PSYoungGen      total 138752K, used 0K [0x51600000, 0x5f300000, 0x71600000)
  eden space 126720K, 0% used [0x51600000,0x51600000,0x591c0000)
  from space 12032K, 0% used [0x591c0000,0x591c0000,0x59d80000)
  to   space 11776K, 0% used [0x5e780000,0x5e780000,0x5f300000)
 ParOldGen       total 32000K, used 10119K [0x11600000, 0x13540000, 0x51600000)
  object space 32000K, 31% used [0x11600000,0x11fe1c98,0x13540000)
 Metaspace       used 15623K, capacity 16359K, committed 16384K, reserved 16768K
}
Event: 4.921 GC heap before
{Heap before GC invocations=11 (full 1):
 PSYoungGen      total 138752K, used 126720K [0x51600000, 0x5f300000, 0x71600000)
  eden space 126720K, 100% used [0x51600000,0x591c0000,0x591c0000)
  from space 12032K, 0% used [0x591c0000,0x591c0000,0x59d80000)
  to   space 11776K, 0% used [0x5e780000,0x5e780000,0x5f300000)
 ParOldGen       total 32000K, used 10119K [0x11600000, 0x13540000, 0x51600000)
  object space 32000K, 31% used [0x11600000,0x11fe1c98,0x13540000)
 Metaspace       used 23565K, capacity 24540K, committed 24576K, reserved 24960K
Event: 4.929 GC heap after
Heap after GC invocations=11 (full 1):
 PSYoungGen      total 206848K, used 11770K [0x51600000, 0x5f300000, 0x71600000)
  eden space 195072K, 0% used [0x51600000,0x51600000,0x5d480000)
  from space 11776K, 99% used [0x5e780000,0x5f2fe948,0x5f300000)
  to   space 13568K, 0% used [0x5d880000,0x5d880000,0x5e5c0000)
 ParOldGen       total 32000K, used 10623K [0x11600000, 0x13540000, 0x51600000)
  object space 32000K, 33% used [0x11600000,0x1205ff58,0x13540000)
 Metaspace       used 23565K, capacity 24540K, committed 24576K, reserved 24960K
}

